<?xml version="1.0" encoding="UTF-8"?>
<testng-results ignored="0" total="1" passed="1" failed="0" skipped="0">
  <reporter-output>
  </reporter-output>
  <suite started-at="2022-11-29T17:20:41 IST" name="Default suite" finished-at="2022-11-29T17:20:49 IST" duration-ms="7886">
    <groups>
    </groups>
    <test started-at="2022-11-29T17:20:41 IST" name="Default test" finished-at="2022-11-29T17:20:49 IST" duration-ms="7886">
      <class name="chaitanya.ExtentReports.ExtentReportDemo">
        <test-method is-config="true" signature="config()[pri:0, instance:chaitanya.ExtentReports.ExtentReportDemo@43dac38f]" started-at="2022-11-29T17:20:41 IST" name="config" finished-at="2022-11-29T17:20:41 IST" duration-ms="211" status="PASS">
          <reporter-output>
          </reporter-output>
        </test-method> <!-- config -->
        <test-method signature="initialDemo()[pri:0, instance:chaitanya.ExtentReports.ExtentReportDemo@43dac38f]" started-at="2022-11-29T17:20:41 IST" name="initialDemo" finished-at="2022-11-29T17:20:49 IST" duration-ms="7641" status="PASS">
          <reporter-output>
          </reporter-output>
        </test-method> <!-- initialDemo -->
      </class> <!-- chaitanya.ExtentReports.ExtentReportDemo -->
    </test> <!-- Default test -->
  </suite> <!-- Default suite -->
</testng-results>
